<?xml version="1.0" encoding="UTF-8"?>
<testsuite xmlns:xsi="http://www.w3.org/2001/XMLSchema-instance" xsi:noNamespaceSchemaLocation="https://maven.apache.org/surefire/maven-surefire-plugin/xsd/surefire-test-report.xsd" name="TestSuite" time="0.685" tests="4" errors="0" skipped="0" failures="1">
  <properties>
[...]
</properties>
  <testcase name="startTest" classname="firstTests.FirstTest" time="0.016">
    <failure message="Проверяем, что текст содержит expected [true] but found [false]" type="java.lang.AssertionError">java.lang.AssertionError: Проверяем, что текст содержит expected [true] but found [false]
	at firstTests.FirstTest.startTest(FirstTest.java:43)
</failure>
    <system-out><![CDATA[Действие перед началом теста
Действие перед началом метода
Первый тест
Windows 10
строка файла РџСЂРёРІРµС‚
строка файла С†Р№Р°Р№С†Р°Рµ232535
строка файла С„РєР°С†Р№
строка файла Р РІСѓРґРґС‰
РџСЂРёРІРµС‚
]]></system-out>
  </testcase>
  <testcase name="startTest" classname="firstTests.ThirdTest" time="0.005"/>
  <testcase name="startTest" classname="firstTests.ThirdTest" time="0"/>
  <testcase name="startTestV2" classname="firstTests.ThirdTest" time="0.012"/>
</testsuite>