<?xml version="1.0" encoding="UTF-8"?>
<testng-results ignored="0" total="4" passed="4" failed="0" skipped="0">
  <reporter-output>
  </reporter-output>
  <suite started-at="2022-04-02T18:39:20 MSK" name="Suit1" finished-at="2022-04-02T18:39:20 MSK" duration-ms="188">
    <groups>
    </groups>
    <test started-at="2022-04-02T18:39:20 MSK" name="myFile" finished-at="2022-04-02T18:39:20 MSK" duration-ms="88">
      <class name="firstTests.FirstTest">
        <test-method is-config="true" signature="beforeT()[pri:0, instance:firstTests.FirstTest@564fabc8]" started-at="2022-04-02T18:39:20 MSK" name="beforeT" finished-at="2022-04-02T18:39:20 MSK" duration-ms="15" status="PASS">
          <reporter-output>
          </reporter-output>
        </test-method> <!-- beforeT -->
        <test-method is-config="true" signature="beforeN()[pri:0, instance:firstTests.FirstTest@564fabc8]" started-at="2022-04-02T18:39:20 MSK" name="beforeN" finished-at="2022-04-02T18:39:20 MSK" duration-ms="0" status="PASS">
          <reporter-output>
          </reporter-output>
        </test-method> <!-- beforeN -->
        <test-method signature="startTest()[pri:0, instance:firstTests.FirstTest@564fabc8]" started-at="2022-04-02T18:39:20 MSK" name="startTest" finished-at="2022-04-02T18:39:20 MSK" duration-ms="11" status="PASS">
          <reporter-output>
          </reporter-output>
        </test-method> <!-- startTest -->
        <test-method is-config="true" signature="afterN()[pri:0, instance:firstTests.FirstTest@564fabc8]" started-at="2022-04-02T18:39:20 MSK" name="afterN" finished-at="2022-04-02T18:39:20 MSK" duration-ms="0" status="PASS">
          <reporter-output>
          </reporter-output>
        </test-method> <!-- afterN -->
        <test-method is-config="true" signature="afterT()[pri:0, instance:firstTests.FirstTest@564fabc8]" started-at="2022-04-02T18:39:20 MSK" name="afterT" finished-at="2022-04-02T18:39:20 MSK" duration-ms="0" status="PASS">
          <reporter-output>
          </reporter-output>
        </test-method> <!-- afterT -->
      </class> <!-- firstTests.FirstTest -->
    </test> <!-- myFile -->
    <test started-at="2022-04-02T18:39:20 MSK" name="Parampampam" finished-at="2022-04-02T18:39:20 MSK" duration-ms="25">
      <class name="firstTests.ThirdTest">
        <test-method is-config="true" signature="beforeT()[pri:0, instance:firstTests.ThirdTest@6f1de4c7]" started-at="2022-04-02T18:39:20 MSK" name="beforeT" finished-at="2022-04-02T18:39:20 MSK" duration-ms="0" status="PASS">
          <reporter-output>
          </reporter-output>
        </test-method> <!-- beforeT -->
        <test-method signature="startTest(java.lang.String,java.lang.String)[pri:0, instance:firstTests.ThirdTest@6f1de4c7]" started-at="2022-04-02T18:39:20 MSK" name="startTest" finished-at="2022-04-02T18:39:20 MSK" duration-ms="8" status="PASS">
          <params>
            <param index="0">
              <value>
                <![CDATA[GG]]>
              </value>
            </param>
            <param index="1">
              <value>
                <![CDATA[BG]]>
              </value>
            </param>
          </params>
          <reporter-output>
          </reporter-output>
        </test-method> <!-- startTest -->
        <test-method is-config="true" signature="beforeN()[pri:0, instance:firstTests.ThirdTest@6f1de4c7]" started-at="2022-04-02T18:39:20 MSK" name="beforeN" finished-at="2022-04-02T18:39:20 MSK" duration-ms="0" status="PASS">
          <reporter-output>
          </reporter-output>
        </test-method> <!-- beforeN -->
        <test-method is-config="true" signature="afterN()[pri:0, instance:firstTests.ThirdTest@6f1de4c7]" started-at="2022-04-02T18:39:20 MSK" name="afterN" finished-at="2022-04-02T18:39:20 MSK" duration-ms="0" status="PASS">
          <reporter-output>
          </reporter-output>
        </test-method> <!-- afterN -->
        <test-method is-config="true" signature="beforeN()[pri:0, instance:firstTests.ThirdTest@6f1de4c7]" started-at="2022-04-02T18:39:20 MSK" name="beforeN" finished-at="2022-04-02T18:39:20 MSK" duration-ms="1" status="PASS">
          <reporter-output>
          </reporter-output>
        </test-method> <!-- beforeN -->
        <test-method signature="startTestV2()[pri:1, instance:firstTests.ThirdTest@6f1de4c7]" started-at="2022-04-02T18:39:20 MSK" name="startTestV2" finished-at="2022-04-02T18:39:20 MSK" duration-ms="4" status="PASS">
          <reporter-output>
          </reporter-output>
        </test-method> <!-- startTestV2 -->
        <test-method is-config="true" signature="afterN()[pri:0, instance:firstTests.ThirdTest@6f1de4c7]" started-at="2022-04-02T18:39:20 MSK" name="afterN" finished-at="2022-04-02T18:39:20 MSK" duration-ms="1" status="PASS">
          <reporter-output>
          </reporter-output>
        </test-method> <!-- afterN -->
        <test-method is-config="true" signature="beforeN()[pri:0, instance:firstTests.ThirdTest@6f1de4c7]" started-at="2022-04-02T18:39:20 MSK" name="beforeN" finished-at="2022-04-02T18:39:20 MSK" duration-ms="0" status="PASS">
          <reporter-output>
          </reporter-output>
        </test-method> <!-- beforeN -->
        <test-method signature="startTest()[pri:2, instance:firstTests.ThirdTest@6f1de4c7]" started-at="2022-04-02T18:39:20 MSK" name="startTest" finished-at="2022-04-02T18:39:20 MSK" duration-ms="1" status="PASS">
          <reporter-output>
          </reporter-output>
        </test-method> <!-- startTest -->
        <test-method is-config="true" signature="afterT()[pri:0, instance:firstTests.ThirdTest@6f1de4c7]" started-at="2022-04-02T18:39:20 MSK" name="afterT" finished-at="2022-04-02T18:39:20 MSK" duration-ms="1" status="PASS">
          <reporter-output>
          </reporter-output>
        </test-method> <!-- afterT -->
        <test-method is-config="true" signature="afterN()[pri:0, instance:firstTests.ThirdTest@6f1de4c7]" started-at="2022-04-02T18:39:20 MSK" name="afterN" finished-at="2022-04-02T18:39:20 MSK" duration-ms="0" status="PASS">
          <reporter-output>
          </reporter-output>
        </test-method> <!-- afterN -->
      </class> <!-- firstTests.ThirdTest -->
    </test> <!-- Parampampam -->
  </suite> <!-- Suit1 -->
</testng-results>
