<?xml version="1.0" encoding="UTF-8"?>
<testsuite xmlns:xsi="http://www.w3.org/2001/XMLSchema-instance" xsi:noNamespaceSchemaLocation="https://maven.apache.org/surefire/maven-surefire-plugin/xsd/surefire-test-report.xsd" name="TestSuite" time="0.762" tests="4" errors="0" skipped="0" failures="0">
  <properties>
[...]
</properties>
  <testcase name="startTest" classname="firstTests.FirstTest" time="0.014"/>
  <testcase name="startTest" classname="firstTests.ThirdTest" time="0.008"/>
  <testcase name="startTest" classname="firstTests.ThirdTest" time="0.002"/>
  <testcase name="startTestV2" classname="firstTests.ThirdTest" time="0.002"/>
</testsuite>