<?xml version="1.0" encoding="UTF-8"?>
<!-- Generated by org.testng.reporters.JUnitXMLReporter -->
<testsuite ignored="0" hostname="DESKTOP-767O602" failures="0" tests="3" name="Parampampam" time="0.024" errors="0" timestamp="2022-03-23T20:24:01 MSK">
  <testcase classname="firstTests.ThirdTest" name="startTest" time="0.004"/>
  <testcase classname="firstTests.ThirdTest" name="startTestV2" time="0.012"/>
  <testcase classname="firstTests.ThirdTest" name="startTest" time="0.001"/>
</testsuite> <!-- Parampampam -->
